Using pre-set license
Built from '2021.3/staging' branch; Version is '2021.3.24f1 (cf10dcf7010d) revision 13570268'; Using compiler version '192829333'; Build Type 'Release'
OS: 'Windows 11  (10.0.22621) 64bit CoreSingleLanguage' Language: 'en' Physical Memory: 32173 MB
BatchMode: 1, IsHumanControllingUs: 0, StartBugReporterOnCrash: 0, Is64bit: 1, IsPro: 1

COMMAND LINE ARGUMENTS:
C:\Program Files\Unity\Hub\Editor\2021.3.24f1\Editor\Unity.exe
-adb2
-batchMode
-noUpm
-name
AssetImportWorker6
-projectPath
C:/Game Design/Year3/POE/Part 2/Racing sim
-logFile
Logs/AssetImportWorker6.log
-srvPort
61734
Successfully changed project path to: C:/Game Design/Year3/POE/Part 2/Racing sim
C:/Game Design/Year3/POE/Part 2/Racing sim
[UnityMemory] Configuration Parameters - Can be set up in boot.config
    "memorysetup-bucket-allocator-granularity=16"
    "memorysetup-bucket-allocator-bucket-count=8"
    "memorysetup-bucket-allocator-block-size=33554432"
    "memorysetup-bucket-allocator-block-count=8"
    "memorysetup-main-allocator-block-size=16777216"
    "memorysetup-thread-allocator-block-size=16777216"
    "memorysetup-gfx-main-allocator-block-size=16777216"
    "memorysetup-gfx-thread-allocator-block-size=16777216"
    "memorysetup-cache-allocator-block-size=4194304"
    "memorysetup-typetree-allocator-block-size=2097152"
    "memorysetup-profiler-bucket-allocator-granularity=16"
    "memorysetup-profiler-bucket-allocator-bucket-count=8"
    "memorysetup-profiler-bucket-allocator-block-size=33554432"
    "memorysetup-profiler-bucket-allocator-block-count=8"
    "memorysetup-profiler-allocator-block-size=16777216"
    "memorysetup-profiler-editor-allocator-block-size=1048576"
    "memorysetup-temp-allocator-size-main=16777216"
    "memorysetup-job-temp-allocator-block-size=2097152"
    "memorysetup-job-temp-allocator-block-size-background=1048576"
    "memorysetup-job-temp-allocator-reduction-small-platforms=262144"
    "memorysetup-temp-allocator-size-background-worker=32768"
    "memorysetup-temp-allocator-size-job-worker=262144"
    "memorysetup-temp-allocator-size-preload-manager=33554432"
    "memorysetup-temp-allocator-size-nav-mesh-worker=65536"
    "memorysetup-temp-allocator-size-audio-worker=65536"
    "memorysetup-temp-allocator-size-cloud-worker=32768"
    "memorysetup-temp-allocator-size-gi-baking-worker=262144"
    "memorysetup-temp-allocator-size-gfx=262144"
Player connection [23940] Host "[IP] 192.168.101.117 [Port] 0 [Flags] 2 [Guid] 2119006256 [EditorId] 2119006256 [Version] 1048832 [Id] WindowsEditor(7,LAPTOP-LFMRQPTC) [Debug] 1 [PackageName] WindowsEditor [ProjectName] Editor" joined multi-casting on [225.0.0.222:54997]...

Player connection [23940] Host "[IP] 192.168.101.117 [Port] 0 [Flags] 2 [Guid] 2119006256 [EditorId] 2119006256 [Version] 1048832 [Id] WindowsEditor(7,LAPTOP-LFMRQPTC) [Debug] 1 [PackageName] WindowsEditor [ProjectName] Editor" joined alternative multi-casting on [225.0.0.222:34997]...

Refreshing native plugins compatible for Editor in 85.22 ms, found 3 plugins.
Preloading 0 native plugins for Editor in 0.00 ms.
Initialize engine version: 2021.3.24f1 (cf10dcf7010d)
[Subsystems] Discovering subsystems at path C:/Program Files/Unity/Hub/Editor/2021.3.24f1/Editor/Data/Resources/UnitySubsystems
[Subsystems] Discovering subsystems at path C:/Game Design/Year3/POE/Part 2/Racing sim/Assets
GfxDevice: creating device client; threaded=0; jobified=0
Direct3D:
    Version:  Direct3D 11.0 [level 11.1]
    Renderer: NVIDIA GeForce RTX 2060 (ID=0x1f15)
    Vendor:   NVIDIA
    VRAM:     5980 MB
    Driver:   31.0.15.1640
Initialize mono
Mono path[0] = 'C:/Program Files/Unity/Hub/Editor/2021.3.24f1/Editor/Data/Managed'
Mono path[1] = 'C:/Program Files/Unity/Hub/Editor/2021.3.24f1/Editor/Data/MonoBleedingEdge/lib/mono/unityjit-win32'
Mono config path = 'C:/Program Files/Unity/Hub/Editor/2021.3.24f1/Editor/Data/MonoBleedingEdge/etc'
Using monoOptions --debugger-agent=transport=dt_socket,embedding=1,server=y,suspend=n,address=127.0.0.1:56168
Begin MonoManager ReloadAssembly
Registering precompiled unity dll's ...
Register platform support module: C:/Program Files/Unity/Hub/Editor/2021.3.24f1/Editor/Data/PlaybackEngines/WindowsStandaloneSupport/UnityEditor.WindowsStandalone.Extensions.dll
Registered in 0.006761 seconds.
Native extension for WindowsStandalone target not found
Refreshing native plugins compatible for Editor in 70.29 ms, found 3 plugins.
Preloading 0 native plugins for Editor in 0.00 ms.
Mono: successfully reloaded assembly
- Completed reload, in  0.932 seconds
Domain Reload Profiling:
	ReloadAssembly (933ms)
		BeginReloadAssembly (104ms)
			ExecutionOrderSort (0ms)
			DisableScriptedObjects (0ms)
			BackupInstance (0ms)
			ReleaseScriptingObjects (0ms)
			CreateAndSetChildDomain (1ms)
		EndReloadAssembly (590ms)
			LoadAssemblies (101ms)
			RebuildTransferFunctionScriptingTraits (0ms)
			SetupTypeCache (263ms)
			ReleaseScriptCaches (0ms)
			RebuildScriptCaches (27ms)
			SetupLoadedEditorAssemblies (253ms)
				LogAssemblyErrors (0ms)
				InitializePlatformSupportModulesInManaged (7ms)
				SetLoadedEditorAssemblies (0ms)
				RefreshPlugins (70ms)
				BeforeProcessingInitializeOnLoad (1ms)
				ProcessInitializeOnLoadAttributes (124ms)
				ProcessInitializeOnLoadMethodAttributes (49ms)
				AfterProcessingInitializeOnLoad (0ms)
				EditorAssembliesLoaded (0ms)
			ExecutionOrderSort2 (0ms)
			AwakeInstancesAfterBackupRestoration (0ms)
Platform modules already initialized, skipping
Registering precompiled user dll's ...
Registered in 0.004922 seconds.
Begin MonoManager ReloadAssembly
Symbol file LoadedFromMemory doesn't match image C:\Game Design\Year3\POE\Part 2\Racing sim\Library\PackageCache\com.unity.visualscripting@1.8.0\Editor\VisualScripting.Core\Dependencies\YamlDotNet\Unity.VisualScripting.YamlDotNet.dll
Symbol file LoadedFromMemory doesn't match image C:\Game Design\Year3\POE\Part 2\Racing sim\Library\PackageCache\com.unity.visualscripting@1.8.0\Editor\VisualScripting.Core\Dependencies\DotNetZip\Unity.VisualScripting.IonicZip.dll
Native extension for WindowsStandalone target not found
Refreshing native plugins compatible for Editor in 0.51 ms, found 3 plugins.
Preloading 0 native plugins for Editor in 0.00 ms.
Mono: successfully reloaded assembly
- Completed reload, in  1.019 seconds
Domain Reload Profiling:
	ReloadAssembly (1020ms)
		BeginReloadAssembly (123ms)
			ExecutionOrderSort (0ms)
			DisableScriptedObjects (6ms)
			BackupInstance (0ms)
			ReleaseScriptingObjects (0ms)
			CreateAndSetChildDomain (22ms)
		EndReloadAssembly (794ms)
			LoadAssemblies (85ms)
			RebuildTransferFunctionScriptingTraits (0ms)
			SetupTypeCache (314ms)
			ReleaseScriptCaches (1ms)
			RebuildScriptCaches (50ms)
			SetupLoadedEditorAssemblies (318ms)
				LogAssemblyErrors (0ms)
				InitializePlatformSupportModulesInManaged (5ms)
				SetLoadedEditorAssemblies (0ms)
				RefreshPlugins (1ms)
				BeforeProcessingInitializeOnLoad (81ms)
				ProcessInitializeOnLoadAttributes (206ms)
				ProcessInitializeOnLoadMethodAttributes (18ms)
				AfterProcessingInitializeOnLoad (8ms)
				EditorAssembliesLoaded (0ms)
			ExecutionOrderSort2 (0ms)
			AwakeInstancesAfterBackupRestoration (6ms)
Platform modules already initialized, skipping
========================================================================
Worker process is ready to serve import requests
Launched and connected shader compiler UnityShaderCompiler.exe after 0.09 seconds
Refreshing native plugins compatible for Editor in 1.38 ms, found 3 plugins.
Preloading 0 native plugins for Editor in 0.00 ms.
Unloading 3058 Unused Serialized files (Serialized files now loaded: 0)
Unloading 24 unused Assets / (113.4 KB). Loaded Objects now: 3521.
Memory consumption went from 108.3 MB to 108.2 MB.
Total: 3.293900 ms (FindLiveObjects: 0.386900 ms CreateObjectMapping: 0.159500 ms MarkObjects: 2.630400 ms  DeleteObjects: 0.115400 ms)

AssetImportParameters requested are different than current active one (requested -> active):
  custom:video-decoder-ogg-theora: a1e56fd34408186e4bbccfd4996cb3dc -> 
  custom:container-muxer-webm: aa71ff27fc2769a1b78a27578f13a17b -> 
  custom:container-demuxer-webm: 4f35f7cbe854078d1ac9338744f61a02 -> 
  custom:video-encoder-webm-vp8: eb34c28f22e8b96e1ab97ce403110664 -> 
  custom:video-codec-MediaFoundation-h265: 746d11721c4dcdbdad8f713fa42b33f4 -> 
  custom:audio-encoder-webm-vorbis: bf7c407c2cedff20999df2af8eb42d56 -> 
  custom:framework-win-MediaFoundation: 216162199b28c13a410421893ffa2e32 -> 
  custom:container-demuxer-ogg: 62fdf1f143b41e24485cea50d1cbac27 -> 
  custom:video-decoder-webm-vp8: 9c59270c3fd7afecdb556c50c9e8de78 -> 
  custom:audio-decoder-ogg-vorbis: bf7c407c2cedff20999df2af8eb42d56 -> 
========================================================================
Received Import Request.
  Time since last request: 860024.148210 seconds.
  path: Assets/Arcade_Car_Physics/Textures/Black smoke/blackSmoke01.png
  artifactKey: Guid(8992eba4746ad41ba89d2b10237d97dd) Importer(815301076,1909f56bfc062723c751e8b465ee728b)
Start importing Assets/Arcade_Car_Physics/Textures/Black smoke/blackSmoke01.png using Guid(8992eba4746ad41ba89d2b10237d97dd) Importer(815301076,1909f56bfc062723c751e8b465ee728b)  -> (artifact id: 'd856662ba5cb11402b27dd10863e3232') in 0.139768 seconds 
========================================================================
Received Import Request.
  Time since last request: 0.000029 seconds.
  path: Assets/Arcade_Car_Physics/Textures/Black smoke/blackSmoke23.png
  artifactKey: Guid(dc508fc5cd06c44c692dd1b5d6426356) Importer(815301076,1909f56bfc062723c751e8b465ee728b)
Start importing Assets/Arcade_Car_Physics/Textures/Black smoke/blackSmoke23.png using Guid(dc508fc5cd06c44c692dd1b5d6426356) Importer(815301076,1909f56bfc062723c751e8b465ee728b)  -> (artifact id: 'e0af56ec1fcfd13b069c321ff221a317') in 0.054282 seconds 
========================================================================
Received Import Request.
  Time since last request: 0.000043 seconds.
  path: Assets/Arcade_Car_Physics/Textures/Black smoke/blackSmoke15.png
  artifactKey: Guid(17b34d1511b814fc5872a539eee1e4c7) Importer(815301076,1909f56bfc062723c751e8b465ee728b)
Start importing Assets/Arcade_Car_Physics/Textures/Black smoke/blackSmoke15.png using Guid(17b34d1511b814fc5872a539eee1e4c7) Importer(815301076,1909f56bfc062723c751e8b465ee728b)  -> (artifact id: '11620c195587f9aae8e9264f9e9df812') in 0.051017 seconds 
========================================================================
Received Import Request.
  Time since last request: 0.000026 seconds.
  path: Assets/Arcade_Car_Physics/Textures/Black smoke/blackSmoke12.png
  artifactKey: Guid(c8cac3a8a34c548b8a6ba1b024e18bff) Importer(815301076,1909f56bfc062723c751e8b465ee728b)
Start importing Assets/Arcade_Car_Physics/Textures/Black smoke/blackSmoke12.png using Guid(c8cac3a8a34c548b8a6ba1b024e18bff) Importer(815301076,1909f56bfc062723c751e8b465ee728b)  -> (artifact id: '30491792471e5c49d27cd4bbbd995e96') in 0.048672 seconds 
========================================================================
Received Import Request.
  Time since last request: 0.000030 seconds.
  path: Assets/Arcade_Car_Physics/Textures/Black smoke/blackSmoke14.png
  artifactKey: Guid(ec71101f9283442f8ad71bacd71858b5) Importer(815301076,1909f56bfc062723c751e8b465ee728b)
Start importing Assets/Arcade_Car_Physics/Textures/Black smoke/blackSmoke14.png using Guid(ec71101f9283442f8ad71bacd71858b5) Importer(815301076,1909f56bfc062723c751e8b465ee728b)  -> (artifact id: 'b2b79590a2cd762cee50c0c9b115c5ba') in 0.037330 seconds 
========================================================================
Received Import Request.
  Time since last request: 0.989217 seconds.
  path: Assets/Arcade_Car_Physics/Textures/Explosion/explosion01.png
  artifactKey: Guid(88dc4fc0715d6485b93f3df55945aac3) Importer(815301076,1909f56bfc062723c751e8b465ee728b)
Start importing Assets/Arcade_Car_Physics/Textures/Explosion/explosion01.png using Guid(88dc4fc0715d6485b93f3df55945aac3) Importer(815301076,1909f56bfc062723c751e8b465ee728b)  -> (artifact id: '4b078f7aa8bed56b4f013548522c1619') in 0.057073 seconds 
========================================================================
Received Import Request.
  Time since last request: 0.000025 seconds.
  path: Assets/Arcade_Car_Physics/Textures/Explosion/explosion04.png
  artifactKey: Guid(06df85611a9074a9a88c02006c0bd635) Importer(815301076,1909f56bfc062723c751e8b465ee728b)
Start importing Assets/Arcade_Car_Physics/Textures/Explosion/explosion04.png using Guid(06df85611a9074a9a88c02006c0bd635) Importer(815301076,1909f56bfc062723c751e8b465ee728b)  -> (artifact id: '571ea9b472e4d764f867fa9f38ca5803') in 0.058103 seconds 
========================================================================
Received Import Request.
  Time since last request: 1.066107 seconds.
  path: Assets/Arcade_Car_Physics/Textures/White puff/whitePuff01.png
  artifactKey: Guid(e4c0b4fe30cae457083df09d91a3d93c) Importer(815301076,1909f56bfc062723c751e8b465ee728b)
Start importing Assets/Arcade_Car_Physics/Textures/White puff/whitePuff01.png using Guid(e4c0b4fe30cae457083df09d91a3d93c) Importer(815301076,1909f56bfc062723c751e8b465ee728b)  -> (artifact id: '866c37d2220a6da7cf768b6b3208aea9') in 0.026562 seconds 
========================================================================
Received Import Request.
  Time since last request: 0.000022 seconds.
  path: Assets/Arcade_Car_Physics/Textures/White puff/whitePuff06.png
  artifactKey: Guid(5d28a5d5594a540ac81f3960da886913) Importer(815301076,1909f56bfc062723c751e8b465ee728b)
Start importing Assets/Arcade_Car_Physics/Textures/White puff/whitePuff06.png using Guid(5d28a5d5594a540ac81f3960da886913) Importer(815301076,1909f56bfc062723c751e8b465ee728b)  -> (artifact id: '41e86e64b1d764a43bccc7423b6f8a84') in 0.024302 seconds 
========================================================================
Received Import Request.
  Time since last request: 0.000022 seconds.
  path: Assets/Arcade_Car_Physics/Textures/White puff/whitePuff07.png
  artifactKey: Guid(6cd8aa7a82ce443c1afa2916aee0e394) Importer(815301076,1909f56bfc062723c751e8b465ee728b)
Start importing Assets/Arcade_Car_Physics/Textures/White puff/whitePuff07.png using Guid(6cd8aa7a82ce443c1afa2916aee0e394) Importer(815301076,1909f56bfc062723c751e8b465ee728b)  -> (artifact id: 'c9268c041b6eed02fc42b7380a3ff12c') in 0.024666 seconds 
========================================================================
Received Import Request.
  Time since last request: 0.000043 seconds.
  path: Assets/Arcade_Car_Physics/Textures/White puff/whitePuff17.png
  artifactKey: Guid(537099da1d8274926a43ffcc2b3e9361) Importer(815301076,1909f56bfc062723c751e8b465ee728b)
Start importing Assets/Arcade_Car_Physics/Textures/White puff/whitePuff17.png using Guid(537099da1d8274926a43ffcc2b3e9361) Importer(815301076,1909f56bfc062723c751e8b465ee728b)  -> (artifact id: '1dafa258ab0d4db6df3d96d087fb7070') in 0.023825 seconds 
========================================================================
Received Import Request.
  Time since last request: 0.000027 seconds.
  path: Assets/Arcade_Car_Physics/Textures/White puff/whitePuff05.png
  artifactKey: Guid(70846b460def940e2b47f7dbac508947) Importer(815301076,1909f56bfc062723c751e8b465ee728b)
Start importing Assets/Arcade_Car_Physics/Textures/White puff/whitePuff05.png using Guid(70846b460def940e2b47f7dbac508947) Importer(815301076,1909f56bfc062723c751e8b465ee728b)  -> (artifact id: '09b90a90bebe8716feb993be31020eaa') in 0.023812 seconds 
========================================================================
Received Import Request.
  Time since last request: 0.000028 seconds.
  path: Assets/Arcade_Car_Physics/Textures/White puff/whitePuff11.png
  artifactKey: Guid(9737dfad821ac4ca8a4efcaeeb1cfb68) Importer(815301076,1909f56bfc062723c751e8b465ee728b)
Start importing Assets/Arcade_Car_Physics/Textures/White puff/whitePuff11.png using Guid(9737dfad821ac4ca8a4efcaeeb1cfb68) Importer(815301076,1909f56bfc062723c751e8b465ee728b)  -> (artifact id: 'd26034a4977531e9423773e97680da9a') in 0.022648 seconds 
Editor requested this worker to shutdown with reason: Scaling down because of idle timeout
AssetImportWorker is now disconnected from the server
Process exiting
Exiting without the bug reporter. Application will terminate with return code 0